c:\users\uchihakite\desktop\sfml_hi_prototype\sfml_asteroids\sfml_asteroids\debug\vc141.pdb
c:\users\uchihakite\desktop\sfml_hi_prototype\sfml_asteroids\sfml_asteroids\debug\vc141.idb
c:\users\uchihakite\desktop\sfml_hi_prototype\sfml_asteroids\sfml_asteroids\debug\state.obj
c:\users\uchihakite\desktop\sfml_hi_prototype\sfml_asteroids\sfml_asteroids\debug\starparticlesystem.obj
c:\users\uchihakite\desktop\sfml_hi_prototype\sfml_asteroids\sfml_asteroids\debug\soundmanager.obj
c:\users\uchihakite\desktop\sfml_hi_prototype\sfml_asteroids\sfml_asteroids\debug\soundcontainer.obj
c:\users\uchihakite\desktop\sfml_hi_prototype\sfml_asteroids\sfml_asteroids\debug\setupstate.obj
c:\users\uchihakite\desktop\sfml_hi_prototype\sfml_asteroids\sfml_asteroids\debug\scoremanager.obj
c:\users\uchihakite\desktop\sfml_hi_prototype\sfml_asteroids\sfml_asteroids\debug\roundstate.obj
c:\users\uchihakite\desktop\sfml_hi_prototype\sfml_asteroids\sfml_asteroids\debug\power-ups.obj
c:\users\uchihakite\desktop\sfml_hi_prototype\sfml_asteroids\sfml_asteroids\debug\playstate.obj
c:\users\uchihakite\desktop\sfml_hi_prototype\sfml_asteroids\sfml_asteroids\debug\player.obj
c:\users\uchihakite\desktop\sfml_hi_prototype\sfml_asteroids\sfml_asteroids\debug\particlesystem.obj
c:\users\uchihakite\desktop\sfml_hi_prototype\sfml_asteroids\sfml_asteroids\debug\main.obj
c:\users\uchihakite\desktop\sfml_hi_prototype\sfml_asteroids\sfml_asteroids\debug\gamestate.obj
c:\users\uchihakite\desktop\sfml_hi_prototype\sfml_asteroids\sfml_asteroids\debug\gameoverstate.obj
c:\users\uchihakite\desktop\sfml_hi_prototype\sfml_asteroids\sfml_asteroids\debug\gameobject.obj
c:\users\uchihakite\desktop\sfml_hi_prototype\sfml_asteroids\sfml_asteroids\debug\engine.obj
c:\users\uchihakite\desktop\sfml_hi_prototype\sfml_asteroids\sfml_asteroids\debug\bullet.obj
c:\users\uchihakite\desktop\sfml_hi_prototype\sfml_asteroids\sfml_asteroids\debug\bomb.obj
c:\users\uchihakite\desktop\sfml_hi_prototype\sfml_asteroids\sfml_asteroids\debug\asteroids.obj
c:\users\uchihakite\desktop\sfml_hi_prototype\sfml_asteroids\sfml_asteroids\debug\tplaystate.obj
c:\users\uchihakite\desktop\sfml_hi_prototype\sfml_asteroids\sfml_asteroids\debug\titlescreenstate.obj
c:\users\uchihakite\desktop\sfml_hi_prototype\sfml_asteroids\sfml_asteroids\debug\texturemanager.obj
c:\users\uchihakite\desktop\sfml_hi_prototype\sfml_asteroids\sfml_asteroids\debug\textureholder.obj
c:\users\uchihakite\desktop\sfml_hi_prototype\sfml_asteroids\sfml_asteroids\debug\statemachine.obj
c:\users\uchihakite\desktop\sfml_hi_prototype\sfml_asteroids\sfml_asteroids\debug\sfml_asteroids.tlog\cl.command.1.tlog
c:\users\uchihakite\desktop\sfml_hi_prototype\sfml_asteroids\sfml_asteroids\debug\sfml_asteroids.tlog\cl.read.1.tlog
c:\users\uchihakite\desktop\sfml_hi_prototype\sfml_asteroids\sfml_asteroids\debug\sfml_asteroids.tlog\cl.write.1.tlog
